This is pdfTeX, Version 3.14159265-2.6-1.40.18 (TeX Live 2017/W32TeX) (preloaded format=pdflatex 2018.4.20)  14 MAR 2020 23:49
entering extended mode
 restricted \write18 enabled.
 %&-line parsing enabled.
**./Note.tex
(./Note.tex
LaTeX2e <2017-04-15>
Babel <3.10> and hyphenation patterns for 84 language(s) loaded.
(./Note.cls

LaTeX Warning: You have requested document class `Note',
               but the document class provides `AIAA'.

Document Class: AIAA 

(e:/Jiaqi-SJTU-offical/Package/texlive/2017/texmf-dist/tex/latex/revtex4/revtex
4.cls
Document Class: revtex4 2001/08/02 v4.0 (http://publish.aps.org/revtex4/ for do
cumentation)
 Copyright (c) 2001 The American Physical Society.
 mailto:revtex@aps.org
 Licensed under the LPPL:
http://www.ctan.org/tex-archive/macros/latex/base/lppl.txt
 Arthur Ogawa <ogawa@teleport.com>
 Based on work by David Carlisle <david@dcarlisle.demon.co.uk>.
ltxutil: portions licensed from W. E. Baxter (web@superscript.com)
Class revtex4 Info: Repairing broken LateX \@sect on input line 596.
\intertabularlinepenalty=\count79
\@tbpen=\count80
\@arstrutbox@hline=\box26
Class revtex4 Info: Repairing broken LaTeX \@xbitor on input line 1610.
ltxgrid: portions licensed from W. E. Baxter (web@superscript.com)
\c@linecount=\count81
\output=\toks14
\@protection@box=\box27
\@topmark@saved=\toks15
\footins@saved=\box28
\pagesofar=\box29
\footbox=\box30
\pagegrid@col=\count82
Class revtex4 Info: Incorporating package {textcase}  [1998/11/12 v0.06 Text on
ly upper/lower case changing (DPC)]. on input line 3682.

Class revtex4 Warning: Document class option manuscript is obsolete; use prepri
nt instead.

(e:/Jiaqi-SJTU-offical/Package/texlive/2017/texmf-dist/tex/latex/url/url.sty
\Urlmuskip=\muskip10
Package: url 2013/09/16  ver 3.4  Verb mode for urls, etc.
)
\c@affil=\count83
\absbox=\box31
\c@part=\count84
\c@section=\count85
\c@subsection=\count86
\c@subsubsection=\count87
\c@paragraph=\count88
\c@subparagraph=\count89
\abovecaptionskip=\skip41
\belowcaptionskip=\skip42
\c@figure=\count90
\c@table=\count91

(e:/Jiaqi-SJTU-offical/Package/texlive/2017/texmf-dist/tex/latex/natbib/natbib.
sty
Package: natbib 2010/09/13 8.31b (PWD, AO)
\bibhang=\skip43
\bibsep=\skip44
LaTeX Info: Redefining \cite on input line 694.
\c@NAT@ctr=\count92
)
\widetext@top=\box32
\widetext@bot=\box33

(e:/Jiaqi-SJTU-offical/Package/texlive/2017/texmf-dist/tex/latex/revtex4/revsym
b.sty
Package: revsymb 2001/08/02 v4.0 (http://publish.aps.org/revtex4/ for documenta
tion)
LaTeX Info: Redefining \REV@mathfrak on input line 118.
))

Class revtex4 Warning: No Society specified, using generic APS style.


(e:/Jiaqi-SJTU-offical/Package/texlive/2017/texmf-dist/tex/latex/revtex4/aps.rt
x
File: aps.rtx 2001/08/02 v4.0 (http://publish.aps.org/revtex4/ for documentatio
n)
)
(e:/Jiaqi-SJTU-offical/Package/texlive/2017/texmf-dist/tex/latex/revtex4/12pt.r
tx
File: 12pt.rtx 2001/08/02 v4.0 (http://publish.aps.org/revtex4/ for documentati
on)
)

LaTeX Warning: You have requested, on input line 32, version
               `2001/08/03 v4.0 (http://publish.aps.org/revtex4/ for documentat
ion)' of document class revtex4,
               but only version
               `2001/08/02 v4.0 (http://publish.aps.org/revtex4/ for documentat
ion)'
               is available.


(e:/Jiaqi-SJTU-offical/Package/texlive/2017/texmf-dist/tex/latex/base/latexsym.
sty
Package: latexsym 1998/08/17 v2.2e Standard LaTeX package (lasy symbols)
\symlasy=\mathgroup4
LaTeX Font Info:    Overwriting symbol font `lasy' in version `bold'
(Font)                  U/lasy/m/n --> U/lasy/b/n on input line 52.
)
(e:/Jiaqi-SJTU-offical/Package/texlive/2017/texmf-dist/tex/latex/graphics/graph
icx.sty
Package: graphicx 2014/10/28 v1.0g Enhanced LaTeX Graphics (DPC,SPQR)

(e:/Jiaqi-SJTU-offical/Package/texlive/2017/texmf-dist/tex/latex/graphics/keyva
l.sty
Package: keyval 2014/10/28 v1.15 key=value parser (DPC)
\KV@toks@=\toks16
)
(e:/Jiaqi-SJTU-offical/Package/texlive/2017/texmf-dist/tex/latex/graphics/graph
ics.sty
Package: graphics 2017/04/14 v1.1b Standard LaTeX Graphics (DPC,SPQR)

(e:/Jiaqi-SJTU-offical/Package/texlive/2017/texmf-dist/tex/latex/graphics/trig.
sty
Package: trig 2016/01/03 v1.10 sin cos tan (DPC)
)
(e:/Jiaqi-SJTU-offical/Package/texlive/2017/texmf-dist/tex/latex/graphics-cfg/g
raphics.cfg
File: graphics.cfg 2016/06/04 v1.11 sample graphics configuration
)
Package graphics Info: Driver file: pdftex.def on input line 99.

(e:/Jiaqi-SJTU-offical/Package/texlive/2017/texmf-dist/tex/latex/graphics-def/p
dftex.def
File: pdftex.def 2017/01/12 v0.06k Graphics/color for pdfTeX

(e:/Jiaqi-SJTU-offical/Package/texlive/2017/texmf-dist/tex/generic/oberdiek/inf
warerr.sty
Package: infwarerr 2016/05/16 v1.4 Providing info/warning/error messages (HO)
)
(e:/Jiaqi-SJTU-offical/Package/texlive/2017/texmf-dist/tex/generic/oberdiek/ltx
cmds.sty
Package: ltxcmds 2016/05/16 v1.23 LaTeX kernel commands for general use (HO)
)
\Gread@gobject=\count93
))
\Gin@req@height=\dimen102
\Gin@req@width=\dimen103
)
(e:/Jiaqi-SJTU-offical/Package/texlive/2017/texmf-dist/tex/latex/tools/verbatim
.sty
Package: verbatim 2014/10/28 v1.5q LaTeX2e package for verbatim enhancements
\every@verbatim=\toks17
\verbatim@line=\toks18
\verbatim@in@stream=\read1
)
(e:/Jiaqi-SJTU-offical/Package/texlive/2017/texmf-dist/tex/latex/base/fontenc.s
ty
Package: fontenc 2017/04/05 v2.0i Standard LaTeX package

(e:/Jiaqi-SJTU-offical/Package/texlive/2017/texmf-dist/tex/latex/base/t1enc.def
File: t1enc.def 2017/04/05 v2.0i Standard LaTeX file
LaTeX Font Info:    Redeclaring font encoding T1 on input line 48.
)))
(e:/Jiaqi-SJTU-offical/Package/texlive/2017/texmf-dist/tex/latex/amsmath/amsmat
h.sty
Package: amsmath 2016/11/05 v2.16a AMS math features
\@mathmargin=\skip45

For additional information on amsmath, use the `?' option.

(e:/Jiaqi-SJTU-offical/Package/texlive/2017/texmf-dist/tex/latex/amsmath/amstex
t.sty
Package: amstext 2000/06/29 v2.01 AMS text

(e:/Jiaqi-SJTU-offical/Package/texlive/2017/texmf-dist/tex/latex/amsmath/amsgen
.sty
File: amsgen.sty 1999/11/30 v2.0 generic functions
\@emptytoks=\toks19
\ex@=\dimen104
))
(e:/Jiaqi-SJTU-offical/Package/texlive/2017/texmf-dist/tex/latex/amsmath/amsbsy
.sty
Package: amsbsy 1999/11/29 v1.2d Bold Symbols
\pmbraise@=\dimen105
)
(e:/Jiaqi-SJTU-offical/Package/texlive/2017/texmf-dist/tex/latex/amsmath/amsopn
.sty
Package: amsopn 2016/03/08 v2.02 operator names
)
\inf@bad=\count94
LaTeX Info: Redefining \frac on input line 213.
\uproot@=\count95
\leftroot@=\count96
LaTeX Info: Redefining \overline on input line 375.
\classnum@=\count97
\DOTSCASE@=\count98
LaTeX Info: Redefining \ldots on input line 472.
LaTeX Info: Redefining \dots on input line 475.
LaTeX Info: Redefining \cdots on input line 596.
\Mathstrutbox@=\box34
\strutbox@=\box35
\big@size=\dimen106
LaTeX Font Info:    Redeclaring font encoding OML on input line 712.
LaTeX Font Info:    Redeclaring font encoding OMS on input line 713.
\macc@depth=\count99
\c@MaxMatrixCols=\count100
\dotsspace@=\muskip11
\c@parentequation=\count101
\dspbrk@lvl=\count102
\tag@help=\toks20
\row@=\count103
\column@=\count104
\maxfields@=\count105
\andhelp@=\toks21
\eqnshift@=\dimen107
\alignsep@=\dimen108
\tagshift@=\dimen109
\tagwidth@=\dimen110
\totwidth@=\dimen111
\lineht@=\dimen112
\@envbody=\toks22
\multlinegap=\skip46
\multlinetaggap=\skip47
\mathdisplay@stack=\toks23
LaTeX Info: Redefining \[ on input line 2817.
LaTeX Info: Redefining \] on input line 2818.
)
(e:/Jiaqi-SJTU-offical/Package/texlive/2017/texmf-dist/tex/latex/amsfonts/amsfo
nts.sty
Package: amsfonts 2013/01/14 v3.01 Basic AMSFonts support
\symAMSa=\mathgroup5
\symAMSb=\mathgroup6
LaTeX Font Info:    Overwriting math alphabet `\mathfrak' in version `bold'
(Font)                  U/euf/m/n --> U/euf/b/n on input line 106.
LaTeX Info: Redefining \frak on input line 111.
LaTeX Info: Redefining \Bbb on input line 113.
)
(e:/Jiaqi-SJTU-offical/Package/texlive/2017/texmf-dist/tex/generic/ulem/ulem.st
y
\UL@box=\box36
\UL@hyphenbox=\box37
\UL@skip=\skip48
\UL@hook=\toks24
\UL@height=\dimen113
\UL@pe=\count106
\UL@pixel=\dimen114
\ULC@box=\box38
Package: ulem 2012/05/18
\ULdepth=\dimen115
)
(e:/Jiaqi-SJTU-offical/Package/texlive/2017/texmf-dist/tex/latex/amsfonts/amssy
mb.sty
Package: amssymb 2013/01/14 v3.01 AMS font symbols
) (./Note.aux)
\openout1 = `Note.aux'.

LaTeX Font Info:    Checking defaults for OML/cmm/m/it on input line 13.
LaTeX Font Info:    ... okay on input line 13.
LaTeX Font Info:    Checking defaults for T1/cmr/m/n on input line 13.
LaTeX Font Info:    ... okay on input line 13.
LaTeX Font Info:    Checking defaults for OT1/cmr/m/n on input line 13.
LaTeX Font Info:    ... okay on input line 13.
LaTeX Font Info:    Checking defaults for OMS/cmsy/m/n on input line 13.
LaTeX Font Info:    ... okay on input line 13.
LaTeX Font Info:    Checking defaults for OMX/cmex/m/n on input line 13.
LaTeX Font Info:    ... okay on input line 13.
LaTeX Font Info:    Checking defaults for U/cmr/m/n on input line 13.
LaTeX Font Info:    ... okay on input line 13.
Class revtex4 Info: Patching LaTeX tabular. on input line 13.
Class revtex4 Info: cite was not loaded (OK!) on input line 13.
Class revtex4 Info: multicol was not loaded (OK!) on input line 13.

(e:/Jiaqi-SJTU-offical/Package/texlive/2017/texmf-dist/tex/context/base/mkii/su
pp-pdf.mkii
[Loading MPS to PDF converter (version 2006.09.02).]
\scratchcounter=\count107
\scratchdimen=\dimen116
\scratchbox=\box39
\nofMPsegments=\count108
\nofMParguments=\count109
\everyMPshowfont=\toks25
\MPscratchCnt=\count110
\MPscratchDim=\dimen117
\MPnumerator=\count111
\makeMPintoPDFobject=\count112
\everyMPtoPDFconversion=\toks26
)
(e:/Jiaqi-SJTU-offical/Package/texlive/2017/texmf-dist/tex/generic/oberdiek/pdf
texcmds.sty
Package: pdftexcmds 2017/03/19 v0.25 Utility functions of pdfTeX for LuaTeX (HO
)

(e:/Jiaqi-SJTU-offical/Package/texlive/2017/texmf-dist/tex/generic/oberdiek/ifl
uatex.sty
Package: ifluatex 2016/05/16 v1.4 Provides the ifluatex switch (HO)
Package ifluatex Info: LuaTeX not detected.
)
(e:/Jiaqi-SJTU-offical/Package/texlive/2017/texmf-dist/tex/generic/oberdiek/ifp
df.sty
Package: ifpdf 2017/03/15 v3.2 Provides the ifpdf switch
)
Package pdftexcmds Info: LuaTeX not detected.
Package pdftexcmds Info: \pdf@primitive is available.
Package pdftexcmds Info: \pdf@ifprimitive is available.
Package pdftexcmds Info: \pdfdraftmode found.
)
(e:/Jiaqi-SJTU-offical/Package/texlive/2017/texmf-dist/tex/latex/oberdiek/epsto
pdf-base.sty
Package: epstopdf-base 2016/05/15 v2.6 Base part for package epstopdf

(e:/Jiaqi-SJTU-offical/Package/texlive/2017/texmf-dist/tex/latex/oberdiek/grfex
t.sty
Package: grfext 2016/05/16 v1.2 Manage graphics extensions (HO)

(e:/Jiaqi-SJTU-offical/Package/texlive/2017/texmf-dist/tex/generic/oberdiek/kvd
efinekeys.sty
Package: kvdefinekeys 2016/05/16 v1.4 Define keys (HO)
))
(e:/Jiaqi-SJTU-offical/Package/texlive/2017/texmf-dist/tex/latex/oberdiek/kvopt
ions.sty
Package: kvoptions 2016/05/16 v3.12 Key value format for package options (HO)

(e:/Jiaqi-SJTU-offical/Package/texlive/2017/texmf-dist/tex/generic/oberdiek/kvs
etkeys.sty
Package: kvsetkeys 2016/05/16 v1.17 Key value parser (HO)

(e:/Jiaqi-SJTU-offical/Package/texlive/2017/texmf-dist/tex/generic/oberdiek/ete
xcmds.sty
Package: etexcmds 2016/05/16 v1.6 Avoid name clashes with e-TeX commands (HO)
Package etexcmds Info: Could not find \expanded.
(etexcmds)             That can mean that you are not using pdfTeX 1.50 or
(etexcmds)             that some package has redefined \expanded.
(etexcmds)             In the latter case, load this package earlier.
)))
Package epstopdf-base Info: Redefining graphics rule for `.eps' on input line 4
38.
Package grfext Info: Graphics extension search list:
(grfext)             [.png,.pdf,.jpg,.mps,.jpeg,.jbig2,.jb2,.PNG,.PDF,.JPG,.JPE
G,.JBIG2,.JB2,.eps]
(grfext)             \AppendGraphicsExtensions on input line 456.

(e:/Jiaqi-SJTU-offical/Package/texlive/2017/texmf-dist/tex/latex/latexconfig/ep
stopdf-sys.cfg
File: epstopdf-sys.cfg 2010/07/13 v1.3 Configuration of (r)epstopdf for TeX Liv
e
))

Class revtex4 Warning: Assuming \noaffiliation for  Email: jiaqi\_wang@sjtu.edu
.cn .

LaTeX Font Info:    Try loading font information for U+lasy on input line 27.
(e:/Jiaqi-SJTU-offical/Package/texlive/2017/texmf-dist/tex/latex/base/ulasy.fd
File: ulasy.fd 1998/08/17 v2.2e LaTeX symbol font definitions
)
LaTeX Font Info:    Try loading font information for U+msa on input line 27.

(e:/Jiaqi-SJTU-offical/Package/texlive/2017/texmf-dist/tex/latex/amsfonts/umsa.
fd
File: umsa.fd 2013/01/14 v3.01 AMS symbols A
)
LaTeX Font Info:    Try loading font information for U+msb on input line 27.

(e:/Jiaqi-SJTU-offical/Package/texlive/2017/texmf-dist/tex/latex/amsfonts/umsb.
fd
File: umsb.fd 2013/01/14 v3.01 AMS symbols B
)

Package amsmath Warning: Foreign command \over;
(amsmath)                \frac or \genfrac should be used instead
(amsmath)                 on input line 29.

[1{e:/Jiaqi-SJTU-offical/Package/texlive/2017/texmf-var/fonts/map/pdftex/updmap
/pdftex.map}]
Overfull \hbox (6.58217pt too wide) detected at line 118
[][]
 []

[2]
Underfull \hbox (badness 10000) in paragraph at lines 152--153

 []

[3] [4] [5] [6] [7]
Overfull \hbox (62.89583pt too wide) detected at line 419
[][]
 []


Overfull \hbox (34.44969pt too wide) detected at line 428
[][]
 []

[8]
Overfull \hbox (13.58304pt too wide) detected at line 493
[][]
 []

[9] [10]
Missing character: There is no ‚ in font cmr10!
Missing character: There is no Ä in font cmr10!
Missing character: There is no ú in font cmr10!
Missing character: There is no ‚ in font cmr10!
Missing character: There is no Ä in font cmr10!
Missing character: There is no ù in font cmr10!
 [11] [12]
Overfull \hbox (1.76048pt too wide) detected at line 659
[][]
 []

[13] [14]
Overfull \hbox (2.79445pt too wide) detected at line 775
[][]
 []

[15] [16] [17] [18] [19]
Overfull \hbox (52.44824pt too wide) detected at line 1003
[][]
 []

[20]
Overfull \hbox (80.73242pt too wide) detected at line 1048
[][]
 []


Overfull \hbox (34.44969pt too wide) detected at line 1058
[][]
 []


Underfull \hbox (badness 10000) in paragraph at lines 1060--1061

 []


Overfull \hbox (67.70912pt too wide) detected at line 1076
[][]
 []

[21]
Overfull \hbox (36.97112pt too wide) detected at line 1088
[][]
 []


Overfull \hbox (2.78142pt too wide) detected at line 1105
[][]
 []

[22]
Overfull \hbox (52.52527pt too wide) detected at line 1123
[][]
 []

[23]
Overfull \hbox (2.4556pt too wide) detected at line 1136
[][]
 []


Overfull \hbox (3.1499pt too wide) detected at line 1193
[][]
 []

[24] [25]
Overfull \hbox (80.73242pt too wide) detected at line 1220
[][]
 []

[26] [27] [28] [29] [30]
Overfull \hbox (3.4693pt too wide) detected at line 1494
[][]
 []

[31] <ThetaFun.jpg, id=122, 1927.2pt x 915.42pt>
File: ThetaFun.jpg Graphic file (type jpg)
 <use ThetaFun.jpg>
Package pdftex.def Info: ThetaFun.jpg used on input line 1523.
(pdftex.def)             Requested size: 578.15999pt x 274.61415pt.

<XFun.jpg, id=123, 1927.2pt x 915.42pt>
File: XFun.jpg Graphic file (type jpg)
 <use XFun.jpg>
Package pdftex.def Info: XFun.jpg used on input line 1530.
(pdftex.def)             Requested size: 578.15999pt x 274.61415pt.

<PsiFun.jpg, id=124, 1927.2pt x 915.42pt>
File: PsiFun.jpg Graphic file (type jpg)
 <use PsiFun.jpg>
Package pdftex.def Info: PsiFun.jpg used on input line 1538.
(pdftex.def)             Requested size: 578.15999pt x 274.61415pt.

Overfull \hbox (57.73653pt too wide) detected at line 1563
[][]
 []

[32] [33 <./ThetaFun.jpg> <./XFun.jpg>] [34 <./PsiFun.jpg>] [35] [36] [37]
[38] [39] (./Note.aux) ) 
Here is how much of TeX's memory you used:
 4315 strings out of 492995
 56958 string characters out of 6136402
 151468 words of memory out of 5000000
 7786 multiletter control sequences out of 15000+600000
 18834 words of font info for 52 fonts, out of 8000000 for 9000
 1141 hyphenation exceptions out of 8191
 39i,18n,26p,475b,268s stack positions out of 5000i,500n,10000p,200000b,80000s
{e:/Jiaqi-SJTU-offical/Package/texlive/2017/texmf-dist/
fonts/enc/dvips/cm-super/cm-super-t1.enc}<e:/Jiaqi-SJTU-offical/Package/texlive
/2017/texmf-dist/fonts/type1/public/amsfonts/cm/cmex10.pfb><e:/Jiaqi-SJTU-offic
al/Package/texlive/2017/texmf-dist/fonts/type1/public/amsfonts/cm/cmmi10.pfb><e
:/Jiaqi-SJTU-offical/Package/texlive/2017/texmf-dist/fonts/type1/public/amsfont
s/cm/cmmi5.pfb><e:/Jiaqi-SJTU-offical/Package/texlive/2017/texmf-dist/fonts/typ
e1/public/amsfonts/cm/cmmi6.pfb><e:/Jiaqi-SJTU-offical/Package/texlive/2017/tex
mf-dist/fonts/type1/public/amsfonts/cm/cmmi7.pfb><e:/Jiaqi-SJTU-offical/Package
/texlive/2017/texmf-dist/fonts/type1/public/amsfonts/cm/cmmi9.pfb><e:/Jiaqi-SJT
U-offical/Package/texlive/2017/texmf-dist/fonts/type1/public/amsfonts/cm/cmr10.
pfb><e:/Jiaqi-SJTU-offical/Package/texlive/2017/texmf-dist/fonts/type1/public/a
msfonts/cm/cmr5.pfb><e:/Jiaqi-SJTU-offical/Package/texlive/2017/texmf-dist/font
s/type1/public/amsfonts/cm/cmr6.pfb><e:/Jiaqi-SJTU-offical/Package/texlive/2017
/texmf-dist/fonts/type1/public/amsfonts/cm/cmr7.pfb><e:/Jiaqi-SJTU-offical/Pack
age/texlive/2017/texmf-dist/fonts/type1/public/amsfonts/cm/cmr9.pfb><e:/Jiaqi-S
JTU-offical/Package/texlive/2017/texmf-dist/fonts/type1/public/amsfonts/cm/cmsy
10.pfb><e:/Jiaqi-SJTU-offical/Package/texlive/2017/texmf-dist/fonts/type1/publi
c/amsfonts/cm/cmsy5.pfb><e:/Jiaqi-SJTU-offical/Package/texlive/2017/texmf-dist/
fonts/type1/public/amsfonts/cm/cmsy7.pfb><e:/Jiaqi-SJTU-offical/Package/texlive
/2017/texmf-dist/fonts/type1/public/amsfonts/cm/cmsy9.pfb><e:/Jiaqi-SJTU-offica
l/Package/texlive/2017/texmf-dist/fonts/type1/public/amsfonts/symbols/msam10.pf
b><e:/Jiaqi-SJTU-offical/Package/texlive/2017/texmf-dist/fonts/type1/public/cm-
super/sfbx0900.pfb><e:/Jiaqi-SJTU-offical/Package/texlive/2017/texmf-dist/fonts
/type1/public/cm-super/sfbx1000.pfb><e:/Jiaqi-SJTU-offical/Package/texlive/2017
/texmf-dist/fonts/type1/public/cm-super/sfbx1728.pfb><e:/Jiaqi-SJTU-offical/Pac
kage/texlive/2017/texmf-dist/fonts/type1/public/cm-super/sfrm1000.pfb><e:/Jiaqi
-SJTU-offical/Package/texlive/2017/texmf-dist/fonts/type1/public/cm-super/sfti0
900.pfb><e:/Jiaqi-SJTU-offical/Package/texlive/2017/texmf-dist/fonts/type1/publ
ic/cm-super/sfti1000.pfb>
Output written on Note.pdf (39 pages, 830310 bytes).
PDF statistics:
 224 PDF objects out of 1000 (max. 8388607)
 156 compressed objects within 2 object streams
 0 named destinations out of 1000 (max. 500000)
 16 words of extra memory for PDF output out of 10000 (max. 10000000)

